<?xml version="1.0" encoding="UTF-8"?>
<coverage generated="1748533770132" clover="3.2.0">
  <project timestamp="1748533770132" name="All files">
    <metrics statements="11" coveredstatements="5" conditionals="0" coveredconditionals="0" methods="3" coveredmethods="1" elements="14" coveredelements="6" complexity="0" loc="11" ncloc="11" packages="1" files="3" classes="3"/>
    <file name="App.tsx" path="C:\Users\norozy\Desktop\F\student-list\src\App.tsx">
      <metrics statements="6" coveredstatements="5" conditionals="0" coveredconditionals="0" methods="3" coveredmethods="1"/>
      <line num="1" count="1" type="stmt"/>
      <line num="3" count="1" type="stmt"/>
      <line num="6" count="1" type="stmt"/>
      <line num="8" count="1" type="stmt"/>
      <line num="20" count="0" type="stmt"/>
      <line num="34" count="1" type="stmt"/>
    </file>
    <file name="main.tsx" path="C:\Users\norozy\Desktop\F\student-list\src\main.tsx">
      <metrics statements="5" coveredstatements="0" conditionals="0" coveredconditionals="0" methods="0" coveredmethods="0"/>
      <line num="1" count="0" type="stmt"/>
      <line num="2" count="0" type="stmt"/>
      <line num="3" count="0" type="stmt"/>
      <line num="4" count="0" type="stmt"/>
      <line num="6" count="0" type="stmt"/>
    </file>
    <file name="vite-env.d.ts" path="C:\Users\norozy\Desktop\F\student-list\src\vite-env.d.ts">
      <metrics statements="0" coveredstatements="0" conditionals="0" coveredconditionals="0" methods="0" coveredmethods="0"/>
    </file>
  </project>
</coverage>
