{"C:\\Users\\norozy\\Desktop\\F\\student-list\\src\\App.tsx": {"path":"C:\\Users\\norozy\\Desktop\\F\\student-list\\src\\App.tsx","statementMap":{"0":{"start":{"line":1,"column":0},"end":{"line":1,"column":33}},"1":{"start":{"line":3,"column":0},"end":{"line":3,"column":46}},"2":{"start":{"line":4,"column":0},"end":{"line":4,"column":38}},"3":{"start":{"line":5,"column":0},"end":{"line":5,"column":46}},"4":{"start":{"line":7,"column":0},"end":{"line":7,"column":19}},"5":{"start":{"line":10,"column":28},"end":{"line":10,"column":39}},"6":{"start":{"line":12,"column":2},"end":{"line":39,"column":4}},"7":{"start":{"line":28,"column":31},"end":{"line":28,"column":61}},"8":{"start":{"line":28,"column":51},"end":{"line":28,"column":60}},"9":{"start":{"line":42,"column":0},"end":{"line":42,"column":19}}},"fnMap":{"0":{"name":"App","decl":{"start":{"line":9,"column":9},"end":{"line":9,"column":12}},"loc":{"start":{"line":9,"column":12},"end":{"line":40,"column":1}}},"1":{"name":"(anonymous_2)","decl":{"start":{"line":28,"column":25},"end":{"line":28,"column":28}},"loc":{"start":{"line":28,"column":31},"end":{"line":28,"column":61}}},"2":{"name":"(anonymous_3)","decl":{"start":{"line":28,"column":40},"end":{"line":28,"column":41}},"loc":{"start":{"line":28,"column":51},"end":{"line":28,"column":60}}}},"branchMap":{},"s":{"0":0,"1":0,"2":0,"3":0,"4":0,"5":0,"6":0,"7":0,"8":0,"9":0},"f":{"0":0,"1":0,"2":0},"b":{}}
,"C:\\Users\\norozy\\Desktop\\F\\student-list\\src\\BadStudentList.tsx": {"path":"C:\\Users\\norozy\\Desktop\\F\\student-list\\src\\BadStudentList.tsx","statementMap":{"0":{"start":{"line":10,"column":0},"end":{"line":10,"column":24}},"1":{"start":{"line":2,"column":0},"end":{"line":2,"column":33}},"2":{"start":{"line":11,"column":21},"end":{"line":15,"column":4}},"3":{"start":{"line":17,"column":42},"end":{"line":17,"column":54}},"4":{"start":{"line":19,"column":2},"end":{"line":43,"column":4}},"5":{"start":{"line":23,"column":8},"end":{"line":24,"column":null}},"6":{"start":{"line":34,"column":33},"end":{"line":34,"column":62}}},"fnMap":{"0":{"name":"StudentList","decl":{"start":{"line":10,"column":24},"end":{"line":10,"column":35}},"loc":{"start":{"line":10,"column":35},"end":{"line":44,"column":1}}},"1":{"name":"(anonymous_1)","decl":{"start":{"line":22,"column":20},"end":{"line":22,"column":21}},"loc":{"start":{"line":23,"column":8},"end":{"line":24,"column":null}}},"2":{"name":"(anonymous_2)","decl":{"start":{"line":34,"column":27},"end":{"line":34,"column":30}},"loc":{"start":{"line":34,"column":33},"end":{"line":34,"column":62}}}},"branchMap":{"0":{"loc":{"start":{"line":37,"column":11},"end":{"line":38,"column":null}},"type":"binary-expr","locations":[{"start":{"line":37,"column":11},"end":{"line":37,"column":40}},{"start":{"line":38,"column":12},"end":{"line":38,"column":73}}]}},"s":{"0":0,"1":0,"2":0,"3":0,"4":0,"5":0,"6":0},"f":{"0":0,"1":0,"2":0},"b":{"0":[0,0]}}
,"C:\\Users\\norozy\\Desktop\\F\\student-list\\src\\main.tsx": {"path":"C:\\Users\\norozy\\Desktop\\F\\student-list\\src\\main.tsx","statementMap":{"0":{"start":{"line":1,"column":0},"end":{"line":1,"column":35}},"1":{"start":{"line":2,"column":0},"end":{"line":2,"column":46}},"2":{"start":{"line":3,"column":0},"end":{"line":3,"column":21}},"3":{"start":{"line":4,"column":0},"end":{"line":4,"column":24}},"4":{"start":{"line":6,"column":0},"end":{"line":10,"column":2}}},"fnMap":{},"branchMap":{},"s":{"0":0,"1":0,"2":0,"3":0,"4":0},"f":{},"b":{}}
}
